<?xml version="1.0" encoding="UTF-8"?>
<!-- Generated by org.testng.reporters.JUnitReportReporter -->
<testsuite hostname="DESKTOP-9DTNNUC" failures="0" tests="1" name="com.tricentis.testscript.CartModule" time="8.006" errors="0" timestamp="2026-02-10T10:19:30 IST" skipped="0">
  <testcase classname="com.tricentis.testscript.CartModule" name="AddToCart" time="8.006">
    <system-out>
      <![CDATA[The product has been added to your shopping cart]]>
    </system-out>
  </testcase> <!-- AddToCart -->
  <system-out>
    <![CDATA[The product has been added to your shopping cart]]>
  </system-out>
</testsuite> <!-- com.tricentis.testscript.CartModule -->
